<?xml version="1.0" encoding="UTF-8"?>
<testsuite xmlns:xsi="http://www.w3.org/2001/XMLSchema-instance" xsi:noNamespaceSchemaLocation="https://maven.apache.org/surefire/maven-surefire-plugin/xsd/surefire-test-report-3.0.xsd" version="3.0" name="TestSuite" time="118.635" tests="57" errors="0" skipped="0" failures="3">
  <properties>
[...]
</properties>
  <testcase name="homepage" classname="testCases.HomePageTest" time="2.377">
    <system-out><![CDATA[On Start method invoked....
[INFO ]2022-12-30 11:16:46.865 [main] DS-Algo-Url opend
Name of test method started:homepage
[INFO ]2022-12-30 11:16:48.013 [main] DS-Algo-clicked on get started btn
Name of test method sucessfully executed:homepage
]]></system-out>
    <system-err><![CDATA[Starting ChromeDriver 108.0.5359.71 (1e0e3868ee06e91ad636a874420e3ca3ae3756ac-refs/branch-heads/5359@{#1016}) on port 53422
Only local connections are allowed.
Please see https://chromedriver.chromium.org/security-considerations for suggestions on keeping ChromeDriver safe.
ChromeDriver was started successfully.
Dec 30, 2022 11:16:43 AM org.openqa.selenium.remote.ProtocolHandshake createSession
INFO: Detected upstream dialect: W3C
Dec 30, 2022 11:16:44 AM org.openqa.selenium.devtools.CdpVersionFinder findNearestMatch
WARNING: Unable to find an exact match for CDP version 108, so returning the closest version found: 106
Dec 30, 2022 11:16:44 AM org.openqa.selenium.devtools.CdpVersionFinder findNearestMatch
INFO: Found CDP implementation for version 108 of 106
log4j:ERROR Could not read configuration file [Log4j.properties].
java.io.FileNotFoundException: Log4j.properties (The system cannot find the file specified)
	at java.base/java.io.FileInputStream.open0(Native Method)
	at java.base/java.io.FileInputStream.open(FileInputStream.java:216)
	at java.base/java.io.FileInputStream.<init>(FileInputStream.java:157)
	at java.base/java.io.FileInputStream.<init>(FileInputStream.java:111)
	at org.apache.log4j.PropertyConfigurator.doConfigure(PropertyConfigurator.java:372)
	at org.apache.log4j.PropertyConfigurator.configure(PropertyConfigurator.java:403)
	at testCases.BaseClass.setup(BaseClass.java:61)
	at java.base/jdk.internal.reflect.DirectMethodHandleAccessor.invoke(DirectMethodHandleAccessor.java:104)
	at java.base/java.lang.reflect.Method.invoke(Method.java:577)
	at org.testng.internal.invokers.MethodInvocationHelper.invokeMethod(MethodInvocationHelper.java:139)
	at org.testng.internal.invokers.MethodInvocationHelper.invokeMethodConsideringTimeout(MethodInvocationHelper.java:69)
	at org.testng.internal.invokers.ConfigInvoker.invokeConfigurationMethod(ConfigInvoker.java:361)
	at org.testng.internal.invokers.ConfigInvoker.invokeConfigurations(ConfigInvoker.java:296)
	at org.testng.TestRunner.invokeTestConfigurations(TestRunner.java:643)
	at org.testng.TestRunner.beforeRun(TestRunner.java:632)
	at org.testng.TestRunner.run(TestRunner.java:594)
	at org.testng.SuiteRunner.runTest(SuiteRunner.java:433)
	at org.testng.SuiteRunner.runSequentially(SuiteRunner.java:427)
	at org.testng.SuiteRunner.privateRun(SuiteRunner.java:387)
	at org.testng.SuiteRunner.run(SuiteRunner.java:330)
	at org.testng.SuiteRunnerWorker.runSuite(SuiteRunnerWorker.java:52)
	at org.testng.SuiteRunnerWorker.run(SuiteRunnerWorker.java:95)
	at org.testng.TestNG.runSuitesSequentially(TestNG.java:1256)
	at org.testng.TestNG.runSuitesLocally(TestNG.java:1176)
	at org.testng.TestNG.runSuites(TestNG.java:1099)
	at org.testng.TestNG.run(TestNG.java:1067)
	at org.apache.maven.surefire.testng.TestNGExecutor.run(TestNGExecutor.java:324)
	at org.apache.maven.surefire.testng.TestNGXmlTestSuite.execute(TestNGXmlTestSuite.java:74)
	at org.apache.maven.surefire.testng.TestNGProvider.invoke(TestNGProvider.java:123)
	at org.apache.maven.surefire.booter.ForkedBooter.runSuitesInProcess(ForkedBooter.java:456)
	at org.apache.maven.surefire.booter.ForkedBooter.execute(ForkedBooter.java:169)
	at org.apache.maven.surefire.booter.ForkedBooter.run(ForkedBooter.java:595)
	at org.apache.maven.surefire.booter.ForkedBooter.main(ForkedBooter.java:581)
log4j:ERROR Ignoring configuration file [Log4j.properties].
]]></system-err>
  </testcase>
  <testcase name="RegistrationDDT[8306, 8306,  8306](1)" classname="testCases.RegistrationTest" time="1.696">
    <system-out><![CDATA[Name of test method started:RegistrationDDT
[INFO ]2022-12-30 11:16:53.814 [main] DS-Algo-Entered username
[INFO ]2022-12-30 11:16:54.264 [main] DS-Algo-Entered password 
[INFO ]2022-12-30 11:16:54.611 [main] DS-Algo-Entered confirm password
Name of test method sucessfully executed:RegistrationDDT
]]></system-out>
  </testcase>
  <testcase name="RegistrationDDT[Zee9142,   9142, 9142](2)" classname="testCases.RegistrationTest" time="0.793">
    <system-out><![CDATA[Name of test method started:RegistrationDDT
[INFO ]2022-12-30 11:16:55.311 [main] DS-Algo-Entered username
[INFO ]2022-12-30 11:16:55.432 [main] DS-Algo-Entered password 
[INFO ]2022-12-30 11:16:55.555 [main] DS-Algo-Entered confirm password
Name of test method sucessfully executed:RegistrationDDT
]]></system-out>
  </testcase>
  <testcase name="RegistrationDDT[zenny2719, abc1232719, 2719](3)" classname="testCases.RegistrationTest" time="0.667">
    <system-out><![CDATA[Name of test method started:RegistrationDDT
[INFO ]2022-12-30 11:16:56.112 [main] DS-Algo-Entered username
[INFO ]2022-12-30 11:16:56.231 [main] DS-Algo-Entered password 
[INFO ]2022-12-30 11:16:56.407 [main] DS-Algo-Entered confirm password
Name of test method sucessfully executed:RegistrationDDT
]]></system-out>
  </testcase>
  <testcase name="RegistrationDDT[rose6722, try123456722, try1236722](4)" classname="testCases.RegistrationTest" time="0.908">
    <system-out><![CDATA[Name of test method started:RegistrationDDT
[INFO ]2022-12-30 11:16:56.807 [main] DS-Algo-Entered username
[INFO ]2022-12-30 11:16:57.020 [main] DS-Algo-Entered password 
[INFO ]2022-12-30 11:16:57.245 [main] DS-Algo-Entered confirm password
Name of test method sucessfully executed:RegistrationDDT
]]></system-out>
  </testcase>
  <testcase name="RegistrationDDT[mily329, ab329, ab329](5)" classname="testCases.RegistrationTest" time="0.594">
    <system-out><![CDATA[Name of test method started:RegistrationDDT
[INFO ]2022-12-30 11:16:57.695 [main] DS-Algo-Entered username
[INFO ]2022-12-30 11:16:57.807 [main] DS-Algo-Entered password 
[INFO ]2022-12-30 11:16:57.922 [main] DS-Algo-Entered confirm password
Name of test method sucessfully executed:RegistrationDDT
]]></system-out>
  </testcase>
  <testcase name="RegistrationDDT[sahana95376, user123455376, user123455376](6)" classname="testCases.RegistrationTest" time="1.096">
    <system-out><![CDATA[Name of test method started:RegistrationDDT
[INFO ]2022-12-30 11:16:58.395 [main] DS-Algo-Entered username
[INFO ]2022-12-30 11:16:58.545 [main] DS-Algo-Entered password 
[INFO ]2022-12-30 11:16:58.693 [main] DS-Algo-Entered confirm password
Name of test method sucessfully executed:RegistrationDDT
]]></system-out>
  </testcase>
  <testcase name="sighOutOnRegistrationPage" classname="testCases.RegistrationTest" time="0.382">
    <system-out><![CDATA[Name of test method started:sighOutOnRegistrationPage
Name of test method sucessfully executed:sighOutOnRegistrationPage
]]></system-out>
  </testcase>
  <testcase name="SigninDDT[abghbgh, ffgg](1)" classname="testCases.SigninTest" time="2.019">
    <failure message="expected [true] but found [false]" type="java.lang.AssertionError"><![CDATA[java.lang.AssertionError: expected [true] but found [false]
	at org.testng.Assert.fail(Assert.java:110)
	at org.testng.Assert.failNotEquals(Assert.java:1413)
	at org.testng.Assert.assertTrue(Assert.java:56)
	at org.testng.Assert.assertTrue(Assert.java:66)
	at testCases.SigninTest.SigninDDT(SigninTest.java:39)
	at java.base/jdk.internal.reflect.DirectMethodHandleAccessor.invoke(DirectMethodHandleAccessor.java:104)
	at java.base/java.lang.reflect.Method.invoke(Method.java:577)
	at org.testng.internal.invokers.MethodInvocationHelper.invokeMethod(MethodInvocationHelper.java:139)
	at org.testng.internal.invokers.TestInvoker.invokeMethod(TestInvoker.java:677)
	at org.testng.internal.invokers.TestInvoker.invokeTestMethod(TestInvoker.java:221)
	at org.testng.internal.invokers.MethodRunner.runInSequence(MethodRunner.java:50)
	at org.testng.internal.invokers.TestInvoker$MethodInvocationAgent.invoke(TestInvoker.java:962)
	at org.testng.internal.invokers.TestInvoker.invokeTestMethods(TestInvoker.java:194)
	at org.testng.internal.invokers.TestMethodWorker.invokeTestMethods(TestMethodWorker.java:148)
	at org.testng.internal.invokers.TestMethodWorker.run(TestMethodWorker.java:128)
	at java.base/java.util.ArrayList.forEach(ArrayList.java:1511)
	at org.testng.TestRunner.privateRun(TestRunner.java:806)
	at org.testng.TestRunner.run(TestRunner.java:601)
	at org.testng.SuiteRunner.runTest(SuiteRunner.java:433)
	at org.testng.SuiteRunner.runSequentially(SuiteRunner.java:427)
	at org.testng.SuiteRunner.privateRun(SuiteRunner.java:387)
	at org.testng.SuiteRunner.run(SuiteRunner.java:330)
	at org.testng.SuiteRunnerWorker.runSuite(SuiteRunnerWorker.java:52)
	at org.testng.SuiteRunnerWorker.run(SuiteRunnerWorker.java:95)
	at org.testng.TestNG.runSuitesSequentially(TestNG.java:1256)
	at org.testng.TestNG.runSuitesLocally(TestNG.java:1176)
	at org.testng.TestNG.runSuites(TestNG.java:1099)
	at org.testng.TestNG.run(TestNG.java:1067)
	at org.apache.maven.surefire.testng.TestNGExecutor.run(TestNGExecutor.java:324)
	at org.apache.maven.surefire.testng.TestNGXmlTestSuite.execute(TestNGXmlTestSuite.java:74)
	at org.apache.maven.surefire.testng.TestNGProvider.invoke(TestNGProvider.java:123)
	at org.apache.maven.surefire.booter.ForkedBooter.runSuitesInProcess(ForkedBooter.java:456)
	at org.apache.maven.surefire.booter.ForkedBooter.execute(ForkedBooter.java:169)
	at org.apache.maven.surefire.booter.ForkedBooter.run(ForkedBooter.java:595)
	at org.apache.maven.surefire.booter.ForkedBooter.main(ForkedBooter.java:581)
]]></failure>
    <system-out><![CDATA[Name of test method started:SigninDDT
[INFO ]2022-12-30 11:17:00.679 [main] DS-Algo-user name provided
[INFO ]2022-12-30 11:17:00.898 [main] DS-Algo-password provided
[INFO ]2022-12-30 11:17:01.628 [main] DS-Algo-Signin - Failed
ScreenShot taken
Name of test method failed:SigninDDT
]]></system-out>
  </testcase>
  <testcase name="SigninDDT[svhjj, hjjj](2)" classname="testCases.SigninTest" time="1.734">
    <failure message="expected [true] but found [false]" type="java.lang.AssertionError"><![CDATA[java.lang.AssertionError: expected [true] but found [false]
	at org.testng.Assert.fail(Assert.java:110)
	at org.testng.Assert.failNotEquals(Assert.java:1413)
	at org.testng.Assert.assertTrue(Assert.java:56)
	at org.testng.Assert.assertTrue(Assert.java:66)
	at testCases.SigninTest.SigninDDT(SigninTest.java:39)
	at java.base/jdk.internal.reflect.DirectMethodHandleAccessor.invoke(DirectMethodHandleAccessor.java:104)
	at java.base/java.lang.reflect.Method.invoke(Method.java:577)
	at org.testng.internal.invokers.MethodInvocationHelper.invokeMethod(MethodInvocationHelper.java:139)
	at org.testng.internal.invokers.TestInvoker.invokeMethod(TestInvoker.java:677)
	at org.testng.internal.invokers.TestInvoker.invokeTestMethod(TestInvoker.java:221)
	at org.testng.internal.invokers.MethodRunner.runInSequence(MethodRunner.java:50)
	at org.testng.internal.invokers.TestInvoker$MethodInvocationAgent.invoke(TestInvoker.java:962)
	at org.testng.internal.invokers.TestInvoker.invokeTestMethods(TestInvoker.java:194)
	at org.testng.internal.invokers.TestMethodWorker.invokeTestMethods(TestMethodWorker.java:148)
	at org.testng.internal.invokers.TestMethodWorker.run(TestMethodWorker.java:128)
	at java.base/java.util.ArrayList.forEach(ArrayList.java:1511)
	at org.testng.TestRunner.privateRun(TestRunner.java:806)
	at org.testng.TestRunner.run(TestRunner.java:601)
	at org.testng.SuiteRunner.runTest(SuiteRunner.java:433)
	at org.testng.SuiteRunner.runSequentially(SuiteRunner.java:427)
	at org.testng.SuiteRunner.privateRun(SuiteRunner.java:387)
	at org.testng.SuiteRunner.run(SuiteRunner.java:330)
	at org.testng.SuiteRunnerWorker.runSuite(SuiteRunnerWorker.java:52)
	at org.testng.SuiteRunnerWorker.run(SuiteRunnerWorker.java:95)
	at org.testng.TestNG.runSuitesSequentially(TestNG.java:1256)
	at org.testng.TestNG.runSuitesLocally(TestNG.java:1176)
	at org.testng.TestNG.runSuites(TestNG.java:1099)
	at org.testng.TestNG.run(TestNG.java:1067)
	at org.apache.maven.surefire.testng.TestNGExecutor.run(TestNGExecutor.java:324)
	at org.apache.maven.surefire.testng.TestNGXmlTestSuite.execute(TestNGXmlTestSuite.java:74)
	at org.apache.maven.surefire.testng.TestNGProvider.invoke(TestNGProvider.java:123)
	at org.apache.maven.surefire.booter.ForkedBooter.runSuitesInProcess(ForkedBooter.java:456)
	at org.apache.maven.surefire.booter.ForkedBooter.execute(ForkedBooter.java:169)
	at org.apache.maven.surefire.booter.ForkedBooter.run(ForkedBooter.java:595)
	at org.apache.maven.surefire.booter.ForkedBooter.main(ForkedBooter.java:581)
]]></failure>
    <system-out><![CDATA[Name of test method started:SigninDDT
[INFO ]2022-12-30 11:17:02.495 [main] DS-Algo-user name provided
[INFO ]2022-12-30 11:17:02.672 [main] DS-Algo-password provided
[INFO ]2022-12-30 11:17:03.398 [main] DS-Algo-Signin - Failed
ScreenShot taken
Name of test method failed:SigninDDT
]]></system-out>
  </testcase>
  <testcase name="SigninDDT[sahana9, user12345](3)" classname="testCases.SigninTest" time="3.136">
    <failure message="expected [true] but found [false]" type="java.lang.AssertionError"><![CDATA[java.lang.AssertionError: expected [true] but found [false]
	at org.testng.Assert.fail(Assert.java:110)
	at org.testng.Assert.failNotEquals(Assert.java:1413)
	at org.testng.Assert.assertTrue(Assert.java:56)
	at org.testng.Assert.assertTrue(Assert.java:66)
	at testCases.SigninTest.SigninDDT(SigninTest.java:39)
	at java.base/jdk.internal.reflect.DirectMethodHandleAccessor.invoke(DirectMethodHandleAccessor.java:104)
	at java.base/java.lang.reflect.Method.invoke(Method.java:577)
	at org.testng.internal.invokers.MethodInvocationHelper.invokeMethod(MethodInvocationHelper.java:139)
	at org.testng.internal.invokers.TestInvoker.invokeMethod(TestInvoker.java:677)
	at org.testng.internal.invokers.TestInvoker.invokeTestMethod(TestInvoker.java:221)
	at org.testng.internal.invokers.MethodRunner.runInSequence(MethodRunner.java:50)
	at org.testng.internal.invokers.TestInvoker$MethodInvocationAgent.invoke(TestInvoker.java:962)
	at org.testng.internal.invokers.TestInvoker.invokeTestMethods(TestInvoker.java:194)
	at org.testng.internal.invokers.TestMethodWorker.invokeTestMethods(TestMethodWorker.java:148)
	at org.testng.internal.invokers.TestMethodWorker.run(TestMethodWorker.java:128)
	at java.base/java.util.ArrayList.forEach(ArrayList.java:1511)
	at org.testng.TestRunner.privateRun(TestRunner.java:806)
	at org.testng.TestRunner.run(TestRunner.java:601)
	at org.testng.SuiteRunner.runTest(SuiteRunner.java:433)
	at org.testng.SuiteRunner.runSequentially(SuiteRunner.java:427)
	at org.testng.SuiteRunner.privateRun(SuiteRunner.java:387)
	at org.testng.SuiteRunner.run(SuiteRunner.java:330)
	at org.testng.SuiteRunnerWorker.runSuite(SuiteRunnerWorker.java:52)
	at org.testng.SuiteRunnerWorker.run(SuiteRunnerWorker.java:95)
	at org.testng.TestNG.runSuitesSequentially(TestNG.java:1256)
	at org.testng.TestNG.runSuitesLocally(TestNG.java:1176)
	at org.testng.TestNG.runSuites(TestNG.java:1099)
	at org.testng.TestNG.run(TestNG.java:1067)
	at org.apache.maven.surefire.testng.TestNGExecutor.run(TestNGExecutor.java:324)
	at org.apache.maven.surefire.testng.TestNGXmlTestSuite.execute(TestNGXmlTestSuite.java:74)
	at org.apache.maven.surefire.testng.TestNGProvider.invoke(TestNGProvider.java:123)
	at org.apache.maven.surefire.booter.ForkedBooter.runSuitesInProcess(ForkedBooter.java:456)
	at org.apache.maven.surefire.booter.ForkedBooter.execute(ForkedBooter.java:169)
	at org.apache.maven.surefire.booter.ForkedBooter.run(ForkedBooter.java:595)
	at org.apache.maven.surefire.booter.ForkedBooter.main(ForkedBooter.java:581)
]]></failure>
    <system-out><![CDATA[Name of test method started:SigninDDT
[INFO ]2022-12-30 11:17:04.581 [main] DS-Algo-user name provided
[INFO ]2022-12-30 11:17:05.013 [main] DS-Algo-password provided
[INFO ]2022-12-30 11:17:06.447 [main] DS-Algo-Signin - Failed
ScreenShot taken
Name of test method failed:SigninDDT
]]></system-out>
  </testcase>
  <testcase name="DatastructureTimeComplexity" classname="testCases.DataStructureTest" time="5.768">
    <system-out><![CDATA[Name of test method started:DatastructureTimeComplexity
[INFO ]2022-12-30 11:17:12.097 [main] DS-Algo-Message Sent 
Name of test method sucessfully executed:DatastructureTimeComplexity
]]></system-out>
  </testcase>
  <testcase name="DataStructurePrecticeQuestion" classname="testCases.DataStructureTest" time="2.148">
    <system-out><![CDATA[Name of test method started:DataStructurePrecticeQuestion
[INFO ]2022-12-30 11:17:14.748 [main] DS-Algo-SignOut properly 
Name of test method sucessfully executed:DataStructurePrecticeQuestion
]]></system-out>
  </testcase>
  <testcase name="Arrayslogin" classname="testCases.ArrayTest" time="2.3">
    <system-out><![CDATA[Name of test method started:Arrayslogin
[INFO ]2022-12-30 11:17:15.607 [main] DS-Algo-Entered username
[INFO ]2022-12-30 11:17:15.779 [main] DS-Algo-Entered password
Name of test method sucessfully executed:Arrayslogin
]]></system-out>
  </testcase>
  <testcase name="ArraysPython" classname="testCases.ArrayTest" time="1.959">
    <system-out><![CDATA[Name of test method started:ArraysPython
[INFO ]2022-12-30 11:17:18.332 [main] DS-Algo-Message sent succesfully
Name of test method sucessfully executed:ArraysPython
]]></system-out>
  </testcase>
  <testcase name="ArraysList" classname="testCases.ArrayTest" time="1.367">
    <system-out><![CDATA[Name of test method started:ArraysList
[INFO ]2022-12-30 11:17:20.174 [main] DS-Algo-Message sent succesfully
Name of test method sucessfully executed:ArraysList
]]></system-out>
  </testcase>
  <testcase name="BasicOperation" classname="testCases.ArrayTest" time="3.265">
    <system-out><![CDATA[Name of test method started:BasicOperation
Name of test method sucessfully executed:BasicOperation
]]></system-out>
  </testcase>
  <testcase name="ApplicationOfArrays" classname="testCases.ArrayTest" time="1.89">
    <system-out><![CDATA[Name of test method started:ApplicationOfArrays
[INFO ]2022-12-30 11:17:25.280 [main] DS-Algo-Message sent succesfully
Name of test method sucessfully executed:ApplicationOfArrays
]]></system-out>
  </testcase>
  <testcase name="PracticeQuestion" classname="testCases.ArrayTest" time="1.216">
    <system-out><![CDATA[Name of test method started:PracticeQuestion
Name of test method sucessfully executed:PracticeQuestion
]]></system-out>
  </testcase>
  <testcase name="MaxConsecutive" classname="testCases.ArrayTest" time="1.201">
    <system-out><![CDATA[Name of test method started:MaxConsecutive
Name of test method sucessfully executed:MaxConsecutive
]]></system-out>
  </testcase>
  <testcase name="FindNumber" classname="testCases.ArrayTest" time="1.091">
    <system-out><![CDATA[Name of test method started:FindNumber
Name of test method sucessfully executed:FindNumber
]]></system-out>
  </testcase>
  <testcase name="ShortedArrays" classname="testCases.ArrayTest" time="1.263">
    <system-out><![CDATA[Name of test method started:ShortedArrays
Name of test method sucessfully executed:ShortedArrays
]]></system-out>
  </testcase>
  <testcase name="LinledSignIn" classname="testCases.LinkedListTest" time="2.853">
    <system-out><![CDATA[Name of test method started:LinledSignIn
Name of test method sucessfully executed:LinledSignIn
]]></system-out>
  </testcase>
  <testcase name="introductionLinkListed" classname="testCases.LinkedListTest" time="2.216">
    <system-out><![CDATA[Name of test method started:introductionLinkListed
Name of test method sucessfully executed:introductionLinkListed
]]></system-out>
  </testcase>
  <testcase name="CreatedLinkedListedPage" classname="testCases.LinkedListTest" time="1.199">
    <system-out><![CDATA[Name of test method started:CreatedLinkedListedPage
Name of test method sucessfully executed:CreatedLinkedListedPage
]]></system-out>
  </testcase>
  <testcase name="TypeOfLinkedListedPage" classname="testCases.LinkedListTest" time="1.272">
    <system-out><![CDATA[Name of test method started:TypeOfLinkedListedPage
Name of test method sucessfully executed:TypeOfLinkedListedPage
]]></system-out>
  </testcase>
  <testcase name="ImplementLinkedListedPython" classname="testCases.LinkedListTest" time="1.118">
    <system-out><![CDATA[Name of test method started:ImplementLinkedListedPython
Name of test method sucessfully executed:ImplementLinkedListedPython
]]></system-out>
  </testcase>
  <testcase name="TraversalLinkedListedPython" classname="testCases.LinkedListTest" time="0.944">
    <system-out><![CDATA[Name of test method started:TraversalLinkedListedPython
Name of test method sucessfully executed:TraversalLinkedListedPython
]]></system-out>
  </testcase>
  <testcase name="InsertaionLinkedListedPython" classname="testCases.LinkedListTest" time="2.004">
    <system-out><![CDATA[Name of test method started:InsertaionLinkedListedPython
Name of test method sucessfully executed:InsertaionLinkedListedPython
]]></system-out>
  </testcase>
  <testcase name="DeletionLinkedListedPython" classname="testCases.LinkedListTest" time="2.536">
    <system-out><![CDATA[Name of test method started:DeletionLinkedListedPython
Name of test method sucessfully executed:DeletionLinkedListedPython
]]></system-out>
  </testcase>
  <testcase name="PracticeQuastionLinkedListedPython" classname="testCases.LinkedListTest" time="1.31">
    <system-out><![CDATA[Name of test method started:PracticeQuastionLinkedListedPython
Name of test method sucessfully executed:PracticeQuastionLinkedListedPython
]]></system-out>
  </testcase>
  <testcase name="StackOperations" classname="testCases.StackTest" time="4.32">
    <system-out><![CDATA[Name of test method started:StackOperations
Name of test method sucessfully executed:StackOperations
]]></system-out>
  </testcase>
  <testcase name="StackApplications" classname="testCases.StackTest" time="1.95">
    <system-out><![CDATA[Name of test method started:StackApplications
Name of test method sucessfully executed:StackApplications
]]></system-out>
  </testcase>
  <testcase name="StackImplementation" classname="testCases.StackTest" time="2.981">
    <system-out><![CDATA[Name of test method started:StackImplementation
Name of test method sucessfully executed:StackImplementation
]]></system-out>
  </testcase>
  <testcase name="StackPracticeQuestion" classname="testCases.StackTest" time="1.173">
    <system-out><![CDATA[Name of test method started:StackPracticeQuestion
Name of test method sucessfully executed:StackPracticeQuestion
]]></system-out>
  </testcase>
  <testcase name="QueueInPython" classname="testCases.QueueTest" time="2.216">
    <system-out><![CDATA[Name of test method started:QueueInPython
Name of test method sucessfully executed:QueueInPython
]]></system-out>
  </testcase>
  <testcase name="QueueCollection" classname="testCases.QueueTest" time="0.929">
    <system-out><![CDATA[Name of test method started:QueueCollection
Name of test method sucessfully executed:QueueCollection
]]></system-out>
  </testcase>
  <testcase name="QueueImplementation" classname="testCases.QueueTest" time="0.968">
    <system-out><![CDATA[Name of test method started:QueueImplementation
Name of test method sucessfully executed:QueueImplementation
]]></system-out>
  </testcase>
  <testcase name="QueueOperations" classname="testCases.QueueTest" time="1.806">
    <system-out><![CDATA[Name of test method started:QueueOperations
Name of test method sucessfully executed:QueueOperations
]]></system-out>
  </testcase>
  <testcase name="QueuePracticeQuestions" classname="testCases.QueueTest" time="1.154">
    <system-out><![CDATA[Name of test method started:QueuePracticeQuestions
Name of test method sucessfully executed:QueuePracticeQuestions
]]></system-out>
  </testcase>
  <testcase name="OverviewTree" classname="testCases.TreeTest" time="3.837">
    <system-out><![CDATA[Name of test method started:OverviewTree
Name of test method sucessfully executed:OverviewTree
]]></system-out>
  </testcase>
  <testcase name="Terminology" classname="testCases.TreeTest" time="1.139">
    <system-out><![CDATA[Name of test method started:Terminology
Name of test method sucessfully executed:Terminology
]]></system-out>
  </testcase>
  <testcase name="TypesofTree" classname="testCases.TreeTest" time="0.982">
    <system-out><![CDATA[Name of test method started:TypesofTree
Name of test method sucessfully executed:TypesofTree
]]></system-out>
  </testcase>
  <testcase name="TreeTraversals" classname="testCases.TreeTest" time="1.22">
    <system-out><![CDATA[Name of test method started:TreeTraversals
Name of test method sucessfully executed:TreeTraversals
]]></system-out>
  </testcase>
  <testcase name="TraversalsIllustration" classname="testCases.TreeTest" time="2.083">
    <system-out><![CDATA[Name of test method started:TraversalsIllustration
Name of test method sucessfully executed:TraversalsIllustration
]]></system-out>
  </testcase>
  <testcase name="BinaryTree" classname="testCases.TreeTest" time="2.89">
    <system-out><![CDATA[Name of test method started:BinaryTree
Name of test method sucessfully executed:BinaryTree
]]></system-out>
  </testcase>
  <testcase name="TypesBinaryTree" classname="testCases.TreeTest" time="1.696">
    <system-out><![CDATA[Name of test method started:TypesBinaryTree
Name of test method sucessfully executed:TypesBinaryTree
]]></system-out>
  </testcase>
  <testcase name="ImplementationinPython" classname="testCases.TreeTest" time="1.247">
    <system-out><![CDATA[Name of test method started:ImplementationinPython
Name of test method sucessfully executed:ImplementationinPython
]]></system-out>
  </testcase>
  <testcase name="BinaryTreeTraversals" classname="testCases.TreeTest" time="1.1">
    <system-out><![CDATA[Name of test method started:BinaryTreeTraversals
Name of test method sucessfully executed:BinaryTreeTraversals
]]></system-out>
  </testcase>
  <testcase name="ImplementationBinaryTrees" classname="testCases.TreeTest" time="1.219">
    <system-out><![CDATA[Name of test method started:ImplementationBinaryTrees
Name of test method sucessfully executed:ImplementationBinaryTrees
]]></system-out>
  </testcase>
  <testcase name="ApplicationsBinaryTree" classname="testCases.TreeTest" time="2.089">
    <system-out><![CDATA[Name of test method started:ApplicationsBinaryTree
Name of test method sucessfully executed:ApplicationsBinaryTree
]]></system-out>
  </testcase>
  <testcase name="BinarySearchTrees" classname="testCases.TreeTest" time="2.75">
    <system-out><![CDATA[Name of test method started:BinarySearchTrees
Name of test method sucessfully executed:BinarySearchTrees
]]></system-out>
  </testcase>
  <testcase name="ImplementationOfBST" classname="testCases.TreeTest" time="1.764">
    <system-out><![CDATA[Name of test method started:ImplementationOfBST
Name of test method sucessfully executed:ImplementationOfBST
]]></system-out>
  </testcase>
  <testcase name="PracticeQuestion" classname="testCases.TreeTest" time="0.682">
    <system-out><![CDATA[Name of test method started:PracticeQuestion
Name of test method sucessfully executed:PracticeQuestion
]]></system-out>
  </testcase>
  <testcase name="GraphPage" classname="testCases.GraphTest" time="1.943">
    <system-out><![CDATA[Name of test method started:GraphPage
Name of test method sucessfully executed:GraphPage
]]></system-out>
  </testcase>
  <testcase name="GraphRepresentations" classname="testCases.GraphTest" time="1.694">
    <system-out><![CDATA[Name of test method started:GraphRepresentations
Name of test method sucessfully executed:GraphRepresentations
]]></system-out>
  </testcase>
  <testcase name="Graph" classname="testCases.GraphTest" time="1.287">
    <system-out><![CDATA[Name of test method started:Graph
Name of test method sucessfully executed:Graph
]]></system-out>
  </testcase>
</testsuite>