<?xml version="1.0" encoding="UTF-8"?>
<!-- Generated by org.testng.reporters.JUnitXMLReporter -->
<testsuite ignored="18" hostname="DESKTOP-TG48D8J" failures="1" tests="57" name="Test" time="139.041" errors="0" timestamp="2022-12-30T18:56:41 EST">
  <testcase classname="testCases.HomePageTest" name="homepage" time="3.248"/>
  <testcase classname="testCases.RegistrationTest" name="RegistrationDDT" time="1.485"/>
  <testcase classname="testCases.RegistrationTest" name="RegistrationDDT" time="0.532"/>
  <testcase classname="testCases.RegistrationTest" name="RegistrationDDT" time="0.847"/>
  <testcase classname="testCases.RegistrationTest" name="RegistrationDDT" time="2.285"/>
  <testcase classname="testCases.RegistrationTest" name="RegistrationDDT" time="2.7"/>
  <testcase classname="testCases.RegistrationTest" name="RegistrationDDT" time="2.577"/>
  <testcase classname="testCases.RegistrationTest" name="sighOutOnRegistrationPage" time="0.983"/>
  <testcase classname="testCases.SigninTest" name="SigninDDT" time="1.119"/>
  <testcase classname="testCases.SigninTest" name="SigninDDT" time="0.999"/>
  <testcase classname="testCases.SigninTest" name="SigninDDT" time="1.368"/>
  <testcase classname="testCases.DataStructureTest" name="DatastructureTimeComplexity" time="3.384"/>
  <testcase classname="testCases.DataStructureTest" name="DataStructurePrecticeQuestion" time="1.395"/>
  <testcase classname="testCases.ArrayTest" name="Arrayslogin" time="3.356">
    <failure type="junit.framework.AssertionFailedError">
      <![CDATA[junit.framework.AssertionFailedError
at junit.framework.Assert.fail(Assert.java:47)
at junit.framework.Assert.assertTrue(Assert.java:20)
at junit.framework.Assert.assertTrue(Assert.java:27)
at testCases.ArrayTest.Arrayslogin(ArrayTest.java:48)
at java.base/java.util.ArrayList.forEach(ArrayList.java:1511)
... Removed 25 stack frames]]>
    </failure>
  </testcase> <!-- Arrayslogin -->
  <testcase classname="testCases.ArrayTest" name="ArraysPython" time="2.818"/>
  <testcase classname="testCases.ArrayTest" name="ArraysList" time="3.137"/>
  <testcase classname="testCases.ArrayTest" name="BasicOperation" time="2.263"/>
  <testcase classname="testCases.ArrayTest" name="ApplicationOfArrays" time="1.334"/>
  <testcase classname="testCases.ArrayTest" name="PracticeQuestion" time="1.823"/>
  <testcase classname="testCases.ArrayTest" name="MaxConsecutive" time="1.018"/>
  <testcase classname="testCases.ArrayTest" name="FindNumber" time="0.98"/>
  <testcase classname="testCases.ArrayTest" name="ShortedArrays" time="3.539"/>
  <testcase classname="testCases.LinkedListTest" name="LinledSignIn" time="2.725"/>
  <testcase classname="testCases.LinkedListTest" name="introductionLinkListed" time="1.688"/>
  <testcase classname="testCases.LinkedListTest" name="CreatedLinkedListedPage" time="1.827"/>
  <testcase classname="testCases.LinkedListTest" name="TypeOfLinkedListedPage" time="4.878"/>
  <testcase classname="testCases.LinkedListTest" name="ImplementLinkedListedPython" time="2.228"/>
  <testcase classname="testCases.LinkedListTest" name="TraversalLinkedListedPython" time="1.709"/>
  <testcase classname="testCases.LinkedListTest" name="InsertaionLinkedListedPython" time="2.791"/>
  <testcase classname="testCases.LinkedListTest" name="DeletionLinkedListedPython" time="3.776"/>
  <testcase classname="testCases.LinkedListTest" name="PracticeQuastionLinkedListedPython" time="0.73"/>
  <testcase classname="testCases.StackTest" name="StackOperations" time="4.151"/>
  <testcase classname="testCases.StackTest" name="StackApplications" time="3.672"/>
  <testcase classname="testCases.StackTest" name="StackImplementation" time="2.911"/>
  <testcase classname="testCases.StackTest" name="StackPracticeQuestion" time="0.657"/>
  <testcase classname="testCases.QueueTest" name="QueueInPython" time="2.524"/>
  <testcase classname="testCases.QueueTest" name="QueueCollection" time="3.069"/>
  <testcase classname="testCases.QueueTest" name="QueueImplementation" time="2.882"/>
  <testcase classname="testCases.QueueTest" name="QueueOperations" time="1.328"/>
  <testcase classname="testCases.QueueTest" name="QueuePracticeQuestions" time="0.594"/>
  <testcase classname="testCases.TreeTest" name="OverviewTree" time="1.883"/>
  <testcase classname="testCases.TreeTest" name="Terminology" time="1.615"/>
  <testcase classname="testCases.TreeTest" name="TypesofTree" time="4.415"/>
  <testcase classname="testCases.TreeTest" name="TreeTraversals" time="1.775"/>
  <testcase classname="testCases.TreeTest" name="TraversalsIllustration" time="1.397"/>
  <testcase classname="testCases.TreeTest" name="BinaryTree" time="1.197"/>
  <testcase classname="testCases.TreeTest" name="TypesBinaryTree" time="2.33"/>
  <testcase classname="testCases.TreeTest" name="ImplementationinPython" time="3.56"/>
  <testcase classname="testCases.TreeTest" name="BinaryTreeTraversals" time="1.476"/>
  <testcase classname="testCases.TreeTest" name="ImplementationBinaryTrees" time="1.271"/>
  <testcase classname="testCases.TreeTest" name="ApplicationsBinaryTree" time="1.209"/>
  <testcase classname="testCases.TreeTest" name="BinarySearchTrees" time="2.774"/>
  <testcase classname="testCases.TreeTest" name="ImplementationOfBST" time="3.541"/>
  <testcase classname="testCases.TreeTest" name="PracticeQuestion" time="0.668"/>
  <testcase classname="testCases.GraphTest" name="GraphPage" time="1.981"/>
  <testcase classname="testCases.GraphTest" name="GraphRepresentations" time="1.289"/>
  <testcase classname="testCases.GraphTest" name="Graph" time="1.192"/>
  <testcase classname="testCases.BaseClass" name="@AfterTest tearDown" time="0.0">
    <ignored/>
  </testcase> <!-- @AfterTest tearDown -->
  <testcase classname="testCases.BaseClass" name="@AfterTest tearDown" time="0.0">
    <ignored/>
  </testcase> <!-- @AfterTest tearDown -->
  <testcase classname="testCases.BaseClass" name="@AfterTest tearDown" time="0.0">
    <ignored/>
  </testcase> <!-- @AfterTest tearDown -->
  <testcase classname="testCases.BaseClass" name="@AfterTest tearDown" time="0.0">
    <ignored/>
  </testcase> <!-- @AfterTest tearDown -->
  <testcase classname="testCases.BaseClass" name="@AfterTest tearDown" time="0.0">
    <ignored/>
  </testcase> <!-- @AfterTest tearDown -->
  <testcase classname="testCases.BaseClass" name="@AfterTest tearDown" time="0.0">
    <ignored/>
  </testcase> <!-- @AfterTest tearDown -->
  <testcase classname="testCases.BaseClass" name="@AfterTest tearDown" time="0.0">
    <ignored/>
  </testcase> <!-- @AfterTest tearDown -->
  <testcase classname="testCases.BaseClass" name="@AfterTest tearDown" time="0.0">
    <ignored/>
  </testcase> <!-- @AfterTest tearDown -->
  <testcase classname="testCases.BaseClass" name="@AfterTest tearDown" time="0.0">
    <ignored/>
  </testcase> <!-- @AfterTest tearDown -->
  <testcase classname="testCases.BaseClass" name="@BeforeTest setup" time="0.0">
    <ignored/>
  </testcase> <!-- @BeforeTest setup -->
  <testcase classname="testCases.BaseClass" name="@BeforeTest setup" time="0.0">
    <ignored/>
  </testcase> <!-- @BeforeTest setup -->
  <testcase classname="testCases.BaseClass" name="@BeforeTest setup" time="0.0">
    <ignored/>
  </testcase> <!-- @BeforeTest setup -->
  <testcase classname="testCases.BaseClass" name="@BeforeTest setup" time="0.0">
    <ignored/>
  </testcase> <!-- @BeforeTest setup -->
  <testcase classname="testCases.BaseClass" name="@BeforeTest setup" time="0.0">
    <ignored/>
  </testcase> <!-- @BeforeTest setup -->
  <testcase classname="testCases.BaseClass" name="@BeforeTest setup" time="0.0">
    <ignored/>
  </testcase> <!-- @BeforeTest setup -->
  <testcase classname="testCases.BaseClass" name="@BeforeTest setup" time="0.0">
    <ignored/>
  </testcase> <!-- @BeforeTest setup -->
  <testcase classname="testCases.BaseClass" name="@BeforeTest setup" time="0.0">
    <ignored/>
  </testcase> <!-- @BeforeTest setup -->
  <testcase classname="testCases.BaseClass" name="@BeforeTest setup" time="0.0">
    <ignored/>
  </testcase> <!-- @BeforeTest setup -->
</testsuite> <!-- Test -->
